2018-07-05 17:07:33 - Ux11 - Ошибка описания модуля "migrato"
2018-07-05 17:07:33 -  - exec CUpdateClientPartner::GetUpdatesList
2018-07-05 17:07:33 -  - exec CUpdateClientPartner::__CollectRequestData
2018-07-05 17:07:33 - Ux11 - Ошибка описания модуля "migrato"
2018-07-05 17:07:33 - NCRD01 - [Ux11] Ошибка описания модуля "migrato". 
2018-07-05 17:07:33 - GUL01 - Empty query list
2018-07-05 17:07:33 - Ux11 - Ошибка описания модуля "migrato"
2018-07-05 17:08:05 - Ux11 - Ошибка описания модуля "migrato"
2018-07-05 17:08:05 -  - exec CUpdateClientPartner::GetUpdatesList
2018-07-05 17:08:05 -  - exec CUpdateClientPartner::__CollectRequestData
2018-07-05 17:08:05 - Ux11 - Ошибка описания модуля "migrato"
2018-07-05 17:08:05 - NCRD01 - [Ux11] Ошибка описания модуля "migrato". 
2018-07-05 17:08:05 - GUL01 - Empty query list
2018-07-05 17:08:05 - Ux11 - Ошибка описания модуля "migrato"
2018-07-05 17:08:18 - Ux11 - Ошибка описания модуля "migrato"
2018-07-05 17:08:18 -  - exec CUpdateClientPartner::GetUpdatesList
2018-07-05 17:08:18 -  - exec CUpdateClientPartner::__CollectRequestData
2018-07-05 17:08:18 - Ux11 - Ошибка описания модуля "migrato"
2018-07-05 17:08:18 - NCRD01 - [Ux11] Ошибка описания модуля "migrato". 
2018-07-05 17:08:18 - GUL01 - Empty query list
2018-07-05 17:08:18 - Ux11 - Ошибка описания модуля "migrato"
2018-07-05 17:10:22 - Ux11 - Ошибка описания модуля "migrato"
2018-07-05 17:10:30 - Ux11 - Ошибка описания модуля "migrato"
2018-07-05 17:10:30 -  - exec CUpdateClientPartner::GetUpdatesList
2018-07-05 17:10:30 -  - exec CUpdateClientPartner::__CollectRequestData
2018-07-05 17:10:30 - Ux11 - Ошибка описания модуля "migrato"
2018-07-05 17:10:30 - NCRD01 - [Ux11] Ошибка описания модуля "migrato". 
2018-07-05 17:10:30 - GUL01 - Empty query list
2018-07-05 17:10:30 - Ux11 - Ошибка описания модуля "migrato"
2018-07-05 17:10:32 - Ux11 - Ошибка описания модуля "migrato"
2018-07-05 17:10:33 -  - exec CUpdateClientPartner::GetUpdatesList
2018-07-05 17:10:33 -  - exec CUpdateClientPartner::__CollectRequestData
2018-07-05 17:10:33 - Ux11 - Ошибка описания модуля "migrato"
2018-07-05 17:10:33 - NCRD01 - [Ux11] Ошибка описания модуля "migrato". 
2018-07-05 17:10:33 - GUL01 - Empty query list
2018-07-05 17:10:33 - Ux11 - Ошибка описания модуля "migrato"
2018-07-05 17:14:20 - Ux11 - Ошибка описания модуля "migrato"
2018-07-05 17:14:20 -  - exec CUpdateClientPartner::GetUpdatesList
2018-07-05 17:14:20 -  - exec CUpdateClientPartner::__CollectRequestData
2018-07-05 17:14:20 - Ux11 - Ошибка описания модуля "migrato"
2018-07-05 17:14:20 - NCRD01 - [Ux11] Ошибка описания модуля "migrato". 
2018-07-05 17:14:20 - GUL01 - Empty query list
2018-07-05 17:14:20 - Ux11 - Ошибка описания модуля "migrato"
2018-07-05 17:14:23 - Ux11 - Ошибка описания модуля "migrato"
2018-07-05 17:14:23 -  - exec CUpdateClientPartner::GetUpdatesList
2018-07-05 17:14:23 -  - exec CUpdateClientPartner::__CollectRequestData
2018-07-05 17:14:23 - Ux11 - Ошибка описания модуля "migrato"
2018-07-05 17:14:23 - NCRD01 - [Ux11] Ошибка описания модуля "migrato". 
2018-07-05 17:14:23 - GUL01 - Empty query list
2018-07-05 17:14:23 - Ux11 - Ошибка описания модуля "migrato"
2018-07-05 17:14:24 - Ux11 - Ошибка описания модуля "migrato"
2018-07-05 17:14:24 -  - exec CUpdateClientPartner::GetUpdatesList
2018-07-05 17:14:24 -  - exec CUpdateClientPartner::__CollectRequestData
2018-07-05 17:14:24 - Ux11 - Ошибка описания модуля "migrato"
2018-07-05 17:14:24 - NCRD01 - [Ux11] Ошибка описания модуля "migrato". 
2018-07-05 17:14:24 - GUL01 - Empty query list
2018-07-05 17:14:24 - Ux11 - Ошибка описания модуля "migrato"
2018-07-05 17:14:28 - Ux11 - Ошибка описания модуля "migrato"
2018-07-05 17:14:29 -  - exec CUpdateClientPartner::GetUpdatesList
2018-07-05 17:14:29 -  - exec CUpdateClientPartner::__CollectRequestData
2018-07-05 17:14:29 - Ux11 - Ошибка описания модуля "migrato"
2018-07-05 17:14:29 - NCRD01 - [Ux11] Ошибка описания модуля "migrato". 
2018-07-05 17:14:29 - GUL01 - Empty query list
2018-07-05 17:14:29 - Ux11 - Ошибка описания модуля "migrato"
2018-07-05 17:20:52 -  - exec CUpdateClientPartner::GetUpdatesList
2018-07-05 17:20:52 -  - exec CUpdateClientPartner::__CollectRequestData
2018-07-05 17:20:52 -  - utf=Y&lang=ru&stable=Y&CANGZIP=Y&SUPD_DBS=MYSQL&XE=N&CLIENT_SITE=bitrix-git-test.vs04.usebraind.ru&LICENSE_KEY=X&SUPD_STS=1&SUPD_URS=0&SUPD_URSA=1&TYPENC=D&CLIENT_PHPVER=7.0.28&NGINX=Y&dbv=10.1.32&instm=main%2C18.0.1%2CY%3Brest%2C18.0.1%2CN%3Bmessageservice%2C18.0.0%2CN%3Bsocialservices%2C17.5.5%2CN%3Bcatalog%2C17.6.3%2CN%3Bscale%2C17.5.0%2CN%3Bcurrency%2C18.0.0%2CN%3Bmobileapp%2C18.0.0%2CN%3Bblog%2C17.6.1%2CN%3Blanding%2C18.3.2%2CN%3Bforum%2C17.5.5%2CN%3Bpull%2C17.5.5%2CN%3Babtest%2C17.5.0%2CN%3Bui%2C17.6.2%2CN%3Bbitrix.sitecorporate%2C15.5.0%2CN%3Bfileman%2C18.0.0%2CN%3Btranslate%2C16.0.0%2CN%3Biblock%2C17.6.7%2CN%3Bbitrixcloud%2C17.5.0%2CN%3Bphotogallery%2C17.0.2%2CN%3Bperfmon%2C17.0.1%2CN%3Bbitrix.eshop%2C17.5.0%2CN%3Bhighloadblock%2C17.5.1%2CN%3Bstoreassist%2C16.0.1%2CN%3Bsale%2C17.8.21%2CN%3Bcompression%2C16.0.0%2CN%3Beshopapp%2C16.5.0%2CN%3Bform%2C17.0.1%2CN%3Bsender%2C18.0.1%2CN%3Bvote%2C17.5.1%2CN%3Bseo%2C18.0.0%2CN%3Bsubscribe%2C17.5.0%2CN%3Bclouds%2C17.0.2%2CN%3Bb24connector%2C18.0.0%2CN%3Bconversion%2C17.5.0%2CN%3Bsearch%2C17.6.0%2CN%3Bsecurity%2C17.0.2%2CN%3Breport%2C18.0.5%2CN&reqm=bitrix.sitecorporate%2Cbitrix.eshop&fullmoduleinfo=Y&SUPD_SRS=RU&SUPD_CMP=N
2018-07-05 17:20:52 -  - exec CUpdateClientPartner::GetHTTPPage
2018-07-05 17:20:52 -  - TIME GetUpdatesList(request) 0.273 sec
2018-07-05 17:20:52 -  - exec CUpdateClientPartner::ParseServerData
2018-07-05 17:20:55 -  - exec CUpdateClientPartner::GetUpdatesList
2018-07-05 17:20:55 -  - exec CUpdateClientPartner::__CollectRequestData
2018-07-05 17:20:55 -  - utf=Y&lang=ru&stable=Y&CANGZIP=Y&SUPD_DBS=MYSQL&XE=N&CLIENT_SITE=bitrix-git-test.vs04.usebraind.ru&LICENSE_KEY=X&SUPD_STS=1&SUPD_URS=0&SUPD_URSA=1&TYPENC=D&CLIENT_PHPVER=7.0.28&NGINX=Y&dbv=10.1.32&instm=main%2C18.0.1%2CY%3Brest%2C18.0.1%2CN%3Bmessageservice%2C18.0.0%2CN%3Bsocialservices%2C17.5.5%2CN%3Bcatalog%2C17.6.3%2CN%3Bscale%2C17.5.0%2CN%3Bcurrency%2C18.0.0%2CN%3Bmobileapp%2C18.0.0%2CN%3Bblog%2C17.6.1%2CN%3Blanding%2C18.3.2%2CN%3Bforum%2C17.5.5%2CN%3Bpull%2C17.5.5%2CN%3Babtest%2C17.5.0%2CN%3Bui%2C17.6.2%2CN%3Bbitrix.sitecorporate%2C15.5.0%2CN%3Bfileman%2C18.0.0%2CN%3Btranslate%2C16.0.0%2CN%3Biblock%2C17.6.7%2CN%3Bbitrixcloud%2C17.5.0%2CN%3Bphotogallery%2C17.0.2%2CN%3Bperfmon%2C17.0.1%2CN%3Bbitrix.eshop%2C17.5.0%2CN%3Bhighloadblock%2C17.5.1%2CN%3Bstoreassist%2C16.0.1%2CN%3Bsale%2C17.8.21%2CN%3Bcompression%2C16.0.0%2CN%3Beshopapp%2C16.5.0%2CN%3Bform%2C17.0.1%2CN%3Bsender%2C18.0.1%2CN%3Bvote%2C17.5.1%2CN%3Bseo%2C18.0.0%2CN%3Bsubscribe%2C17.5.0%2CN%3Bclouds%2C17.0.2%2CN%3Bb24connector%2C18.0.0%2CN%3Bconversion%2C17.5.0%2CN%3Bsearch%2C17.6.0%2CN%3Bsecurity%2C17.0.2%2CN%3Breport%2C18.0.5%2CN&reqm=bitrix.sitecorporate%2Cbitrix.eshop&SUPD_SRS=RU&SUPD_CMP=N
2018-07-05 17:20:55 -  - exec CUpdateClientPartner::GetHTTPPage
2018-07-05 17:20:55 -  - TIME GetUpdatesList(request) 0.248 sec
2018-07-05 17:20:55 -  - exec CUpdateClientPartner::ParseServerData
2018-07-06 10:17:07 -  - exec CUpdateClientPartner::GetUpdatesList
2018-07-06 10:17:07 -  - exec CUpdateClientPartner::__CollectRequestData
2018-07-06 10:17:07 -  - utf=Y&lang=ru&stable=Y&CANGZIP=Y&SUPD_DBS=MYSQL&XE=N&CLIENT_SITE=bitrix-git-test.vs04.usebraind.ru&LICENSE_KEY=X&SUPD_STS=1&SUPD_URS=0&SUPD_URSA=1&TYPENC=D&CLIENT_PHPVER=7.0.28&NGINX=Y&dbv=10.1.32&instm=main%2C18.0.1%2CY%3Brest%2C18.0.1%2CN%3Bmessageservice%2C18.0.0%2CN%3Bsocialservices%2C17.5.5%2CN%3Bcatalog%2C17.6.3%2CN%3Bscale%2C17.5.0%2CN%3Bcurrency%2C18.0.0%2CN%3Bmobileapp%2C18.0.0%2CN%3Bblog%2C17.6.1%2CN%3Blanding%2C18.3.2%2CN%3Bforum%2C17.5.5%2CN%3Bpull%2C17.5.5%2CN%3Babtest%2C17.5.0%2CN%3Bui%2C17.6.2%2CN%3Bbitrix.sitecorporate%2C15.5.0%2CN%3Bfileman%2C18.0.0%2CN%3Btranslate%2C16.0.0%2CN%3Biblock%2C17.6.7%2CN%3Bbitrixcloud%2C17.5.0%2CN%3Bphotogallery%2C17.0.2%2CN%3Bperfmon%2C17.0.1%2CN%3Bbitrix.eshop%2C17.5.0%2CN%3Bhighloadblock%2C17.5.1%2CN%3Bstoreassist%2C16.0.1%2CN%3Bsale%2C17.8.21%2CN%3Bcompression%2C16.0.0%2CN%3Beshopapp%2C16.5.0%2CN%3Bform%2C17.0.1%2CN%3Bsender%2C18.0.1%2CN%3Bvote%2C17.5.1%2CN%3Bseo%2C18.0.0%2CN%3Bsubscribe%2C17.5.0%2CN%3Bclouds%2C17.0.2%2CN%3Bb24connector%2C18.0.0%2CN%3Bconversion%2C17.5.0%2CN%3Bsearch%2C17.6.0%2CN%3Bsecurity%2C17.0.2%2CN%3Breport%2C18.0.5%2CN&reqm=bitrix.sitecorporate%2Cbitrix.eshop&fullmoduleinfo=Y&SUPD_SRS=RU&SUPD_CMP=N
2018-07-06 10:17:07 -  - exec CUpdateClientPartner::GetHTTPPage
2018-07-06 10:17:09 -  - TIME GetUpdatesList(request) 1.229 sec
2018-07-06 10:17:09 -  - exec CUpdateClientPartner::ParseServerData
2018-07-06 10:17:15 -  - exec CUpdateClientPartner::GetUpdatesList
2018-07-06 10:17:15 -  - exec CUpdateClientPartner::__CollectRequestData
2018-07-06 10:17:15 -  - utf=Y&lang=ru&stable=Y&CANGZIP=Y&SUPD_DBS=MYSQL&XE=N&CLIENT_SITE=bitrix-git-test.vs04.usebraind.ru&LICENSE_KEY=X&SUPD_STS=1&SUPD_URS=0&SUPD_URSA=1&TYPENC=D&CLIENT_PHPVER=7.0.28&NGINX=Y&dbv=10.1.32&instm=main%2C18.0.1%2CY%3Brest%2C18.0.1%2CN%3Bmessageservice%2C18.0.0%2CN%3Bsocialservices%2C17.5.5%2CN%3Bcatalog%2C17.6.3%2CN%3Bscale%2C17.5.0%2CN%3Bcurrency%2C18.0.0%2CN%3Bmobileapp%2C18.0.0%2CN%3Bblog%2C17.6.1%2CN%3Blanding%2C18.3.2%2CN%3Bforum%2C17.5.5%2CN%3Bpull%2C17.5.5%2CN%3Babtest%2C17.5.0%2CN%3Bui%2C17.6.2%2CN%3Bbitrix.sitecorporate%2C15.5.0%2CN%3Bfileman%2C18.0.0%2CN%3Btranslate%2C16.0.0%2CN%3Biblock%2C17.6.7%2CN%3Bbitrixcloud%2C17.5.0%2CN%3Bphotogallery%2C17.0.2%2CN%3Bperfmon%2C17.0.1%2CN%3Bbitrix.eshop%2C17.5.0%2CN%3Bhighloadblock%2C17.5.1%2CN%3Bstoreassist%2C16.0.1%2CN%3Bsale%2C17.8.21%2CN%3Bcompression%2C16.0.0%2CN%3Beshopapp%2C16.5.0%2CN%3Bform%2C17.0.1%2CN%3Bsender%2C18.0.1%2CN%3Bvote%2C17.5.1%2CN%3Bseo%2C18.0.0%2CN%3Bsubscribe%2C17.5.0%2CN%3Bclouds%2C17.0.2%2CN%3Bb24connector%2C18.0.0%2CN%3Bconversion%2C17.5.0%2CN%3Bsearch%2C17.6.0%2CN%3Bsecurity%2C17.0.2%2CN%3Breport%2C18.0.5%2CN&reqm=bitrix.sitecorporate%2Cbitrix.eshop&fullmoduleinfo=Y&SUPD_SRS=RU&SUPD_CMP=N
2018-07-06 10:17:15 -  - exec CUpdateClientPartner::GetHTTPPage
2018-07-06 10:17:15 -  - TIME GetUpdatesList(request) 0.254 sec
2018-07-06 10:17:15 -  - exec CUpdateClientPartner::ParseServerData
2018-07-06 10:17:16 -  - exec CUpdateClientPartner::GetUpdatesList
2018-07-06 10:17:16 -  - exec CUpdateClientPartner::__CollectRequestData
2018-07-06 10:17:16 -  - utf=Y&lang=ru&stable=Y&CANGZIP=Y&SUPD_DBS=MYSQL&XE=N&CLIENT_SITE=bitrix-git-test.vs04.usebraind.ru&LICENSE_KEY=X&SUPD_STS=1&SUPD_URS=0&SUPD_URSA=1&TYPENC=D&CLIENT_PHPVER=7.0.28&NGINX=Y&dbv=10.1.32&instm=main%2C18.0.1%2CY%3Brest%2C18.0.1%2CN%3Bmessageservice%2C18.0.0%2CN%3Bsocialservices%2C17.5.5%2CN%3Bcatalog%2C17.6.3%2CN%3Bscale%2C17.5.0%2CN%3Bcurrency%2C18.0.0%2CN%3Bmobileapp%2C18.0.0%2CN%3Bblog%2C17.6.1%2CN%3Blanding%2C18.3.2%2CN%3Bforum%2C17.5.5%2CN%3Bpull%2C17.5.5%2CN%3Babtest%2C17.5.0%2CN%3Bui%2C17.6.2%2CN%3Bbitrix.sitecorporate%2C15.5.0%2CN%3Bfileman%2C18.0.0%2CN%3Btranslate%2C16.0.0%2CN%3Biblock%2C17.6.7%2CN%3Bbitrixcloud%2C17.5.0%2CN%3Bphotogallery%2C17.0.2%2CN%3Bperfmon%2C17.0.1%2CN%3Bbitrix.eshop%2C17.5.0%2CN%3Bhighloadblock%2C17.5.1%2CN%3Bstoreassist%2C16.0.1%2CN%3Bsale%2C17.8.21%2CN%3Bcompression%2C16.0.0%2CN%3Beshopapp%2C16.5.0%2CN%3Bform%2C17.0.1%2CN%3Bsender%2C18.0.1%2CN%3Bvote%2C17.5.1%2CN%3Bseo%2C18.0.0%2CN%3Bsubscribe%2C17.5.0%2CN%3Bclouds%2C17.0.2%2CN%3Bb24connector%2C18.0.0%2CN%3Bconversion%2C17.5.0%2CN%3Bsearch%2C17.6.0%2CN%3Bsecurity%2C17.0.2%2CN%3Breport%2C18.0.5%2CN&reqm=bitrix.sitecorporate%2Cbitrix.eshop&fullmoduleinfo=Y&SUPD_SRS=RU&SUPD_CMP=N
2018-07-06 10:17:16 -  - exec CUpdateClientPartner::GetHTTPPage
2018-07-06 10:17:16 -  - TIME GetUpdatesList(request) 0.373 sec
2018-07-06 10:17:16 -  - exec CUpdateClientPartner::ParseServerData
